22 abr 2017 - 15:54:34 [INFO ] control1.EetakemonManagerImpl - Adding new: User [id=null, name=Paco, objects=null]
22 abr 2017 - 15:54:34 [INFO ] control1.EetakemonManagerImpl - User [id=1, name=Paco, objects=[]]
22 abr 2017 - 15:54:34 [INFO ] control1.EetakemonManagerImpl - Adding new: User [id=null, name=Maria, objects=null]
22 abr 2017 - 15:54:34 [INFO ] control1.EetakemonManagerImpl - User [id=2, name=Maria, objects=[]]
22 abr 2017 - 15:54:34 [INFO ] control1.EetakemonManagerImpl - Updating: User [id=null, name=Paco Alonso, objects=null]
22 abr 2017 - 15:54:34 [INFO ] control1.EetakemonManagerImpl - User [id=1, name=Paco Alonso, objects=[]]
22 abr 2017 - 15:54:34 [INFO ] control1.EetakemonManagerImpl - Reading user with id: 1
22 abr 2017 - 15:54:34 [INFO ] control1.EetakemonManagerImpl - User [id=1, name=Paco Alonso, objects=[]]
22 abr 2017 - 15:54:34 [INFO ] control1.EetakemonManagerImpl - Adding: Uobject [name= Coche, description= Descapotable]to: User [id=1, name=Paco Alonso, objects=[]]
22 abr 2017 - 15:54:34 [INFO ] control1.EetakemonManagerImpl - Reading user with id: 1
22 abr 2017 - 15:54:34 [INFO ] control1.EetakemonManagerImpl - User [id=1, name=Paco Alonso, objects=[]]
22 abr 2017 - 15:54:34 [INFO ] control1.EetakemonManagerImpl - User [id=1, name=Paco Alonso, objects=[Uobject [name= Coche, description= Descapotable]]]
22 abr 2017 - 15:54:34 [INFO ] control1.EetakemonManagerImpl - Reading user with id: 1
22 abr 2017 - 15:54:34 [INFO ] control1.EetakemonManagerImpl - User [id=1, name=Paco Alonso, objects=[Uobject [name= Coche, description= Descapotable]]]
22 abr 2017 - 15:54:34 [INFO ] control1.EetakemonManagerImpl - Reading user with id: 1
22 abr 2017 - 15:54:34 [INFO ] control1.EetakemonManagerImpl - User [id=1, name=Paco Alonso, objects=[Uobject [name= Coche, description= Descapotable]]]
22 abr 2017 - 15:54:34 [INFO ] control1.EetakemonManagerImpl - Reading objects from: User [id=1, name=Paco Alonso, objects=[Uobject [name= Coche, description= Descapotable]]]
22 abr 2017 - 15:54:34 [INFO ] control1.EetakemonManagerImpl - [Uobject [name= Coche, description= Descapotable]]
22 abr 2017 - 15:54:35 [INFO ] control1.EetakemonManagerImpl - Reading user with id: 1
22 abr 2017 - 15:54:35 [INFO ] control1.EetakemonManagerImpl - User [id=1, name=Paco Alonso, objects=[Uobject [name= Coche, description= Descapotable]]]
22 abr 2017 - 15:54:35 [INFO ] control1.EetakemonManagerImpl - Sorting list of all users
22 abr 2017 - 15:54:35 [INFO ] control1.EetakemonManagerImpl - [User [id=2, name=Maria, objects=[]], User [id=1, name=Paco Alonso, objects=[Uobject [name= Coche, description= Descapotable]]]]
22 abr 2017 - 16:04:26 [INFO ] control1.EetakemonManagerImpl - Adding new: User [id=null, name=Maria, objects=null]
22 abr 2017 - 16:04:26 [INFO ] control1.EetakemonManagerImpl - User [id=1, name=Maria, objects=[]]
22 abr 2017 - 16:04:26 [INFO ] control1.EetakemonManagerImpl - Adding new: User [id=null, name=Paco, objects=null]
22 abr 2017 - 16:04:26 [INFO ] control1.EetakemonManagerImpl - User [id=2, name=Paco, objects=[]]
22 abr 2017 - 16:04:26 [INFO ] control1.EetakemonManagerImpl - Sorting list of all users
22 abr 2017 - 16:04:26 [INFO ] control1.EetakemonManagerImpl - [User [id=1, name=Maria, objects=[]], User [id=2, name=Paco, objects=[]]]
22 abr 2017 - 16:04:26 [INFO ] control1.EetakemonManagerImpl - Adding new: User [id=null, name=Maria, objects=null]
22 abr 2017 - 16:04:26 [INFO ] control1.EetakemonManagerImpl - User [id=3, name=Maria, objects=[]]
22 abr 2017 - 16:04:26 [INFO ] control1.EetakemonManagerImpl - Adding: Uobject [name= Coche, description= Descapotable]to: User [id=3, name=Maria, objects=[]]
22 abr 2017 - 16:04:26 [INFO ] control1.EetakemonManagerImpl - Reading user with id: 3
22 abr 2017 - 16:04:26 [INFO ] control1.EetakemonManagerImpl - User [id=3, name=Maria, objects=[]]
22 abr 2017 - 16:04:26 [INFO ] control1.EetakemonManagerImpl - User [id=3, name=Maria, objects=[Uobject [name= Coche, description= Descapotable]]]
22 abr 2017 - 16:04:26 [INFO ] control1.EetakemonManagerImpl - Reading objects from: User [id=3, name=Maria, objects=[Uobject [name= Coche, description= Descapotable]]]
22 abr 2017 - 16:04:26 [INFO ] control1.EetakemonManagerImpl - [Uobject [name= Coche, description= Descapotable]]
23 abr 2017 - 15:17:07 [INFO ] control1.EetakemonManagerImpl - Adding new: User [id=null, name=Maria, objects=null]
23 abr 2017 - 15:17:07 [INFO ] control1.EetakemonManagerImpl - User [id=1, name=Maria, objects=[]]
23 abr 2017 - 15:17:07 [INFO ] control1.EetakemonManagerImpl - Adding new: User [id=null, name=Paco, objects=null]
23 abr 2017 - 15:17:07 [INFO ] control1.EetakemonManagerImpl - User [id=2, name=Paco, objects=[]]
23 abr 2017 - 15:17:07 [INFO ] control1.EetakemonManagerImpl - Sorting list of all users
23 abr 2017 - 15:17:07 [INFO ] control1.EetakemonManagerImpl - [User [id=1, name=Maria, objects=[]], User [id=2, name=Paco, objects=[]]]
23 abr 2017 - 15:17:07 [INFO ] control1.EetakemonManagerImpl - Adding new: User [id=null, name=Maria, objects=null]
23 abr 2017 - 15:17:07 [INFO ] control1.EetakemonManagerImpl - User [id=3, name=Maria, objects=[]]
23 abr 2017 - 15:17:07 [INFO ] control1.EetakemonManagerImpl - Adding: Uobject [name= Coche, description= Descapotable]to: User [id=3, name=Maria, objects=[]]
23 abr 2017 - 15:17:07 [INFO ] control1.EetakemonManagerImpl - Reading user with id: 3
23 abr 2017 - 15:17:07 [INFO ] control1.EetakemonManagerImpl - User [id=3, name=Maria, objects=[]]
23 abr 2017 - 15:17:07 [INFO ] control1.EetakemonManagerImpl - User [id=3, name=Maria, objects=[Uobject [name= Coche, description= Descapotable]]]
23 abr 2017 - 15:17:07 [INFO ] control1.EetakemonManagerImpl - Reading objects from: User [id=3, name=Maria, objects=[Uobject [name= Coche, description= Descapotable]]]
23 abr 2017 - 15:17:07 [INFO ] control1.EetakemonManagerImpl - [Uobject [name= Coche, description= Descapotable]]
23 abr 2017 - 15:18:15 [INFO ] control1.EetakemonManagerImplDB - Adding new: User [id=null, name=Paco, objects=null]
23 abr 2017 - 15:21:06 [INFO ] control1.EetakemonManagerImplDB - Adding new: User [id=null, name=Paco, objects=null]
23 abr 2017 - 15:30:58 [INFO ] control1.EetakemonManagerImplDB - Adding new: User [id=null, name=Paco, objects=null]
23 abr 2017 - 15:43:50 [INFO ] control1.EetakemonManagerImplDB - Adding new: User [id=null, name=Paco, objects=null]
23 abr 2017 - 15:44:15 [INFO ] control1.EetakemonManagerImplDB - User [id=2, name=Paco, objects=null]
23 abr 2017 - 15:45:21 [INFO ] control1.EetakemonManagerImplDB - Adding new: User [id=null, name=Maria, objects=null]
23 abr 2017 - 15:45:27 [INFO ] control1.EetakemonManagerImplDB - User [id=3, name=Maria, objects=null]
23 abr 2017 - 15:47:08 [INFO ] control1.EetakemonManagerImplDB - Updating: User [id=null, name=Paco Alonso, objects=null]
23 abr 2017 - 15:48:01 [ERROR] control1.EetakemonManagerImplDB - User not found!
23 abr 2017 - 15:49:46 [INFO ] control1.EetakemonManagerImplDB - Updating: User [id=null, name=Paco Alonso, objects=null]
23 abr 2017 - 15:51:30 [ERROR] control1.EetakemonManagerImplDB - User not found!
23 abr 2017 - 15:54:50 [INFO ] control1.EetakemonManagerImplDB - Updating: User [id=null, name=Paco Alonso, objects=null]
23 abr 2017 - 15:55:31 [ERROR] control1.EetakemonManagerImplDB - User not found!
23 abr 2017 - 17:20:05 [INFO ] control1.EetakemonManagerImplDB - Adding new: User [id=null, name=Carlos]
23 abr 2017 - 17:20:23 [INFO ] control1.EetakemonManagerImplDB - User [id=4, name=Carlos]
23 abr 2017 - 17:21:21 [INFO ] control1.EetakemonManagerImplDB - Sorting list of all users
23 abr 2017 - 17:22:10 [INFO ] control1.EetakemonManagerImplDB - Sorted list of all users: [User [id=4, name=Carlos], User [id=3, name=Maria], User [id=2, name=Paco]]
23 abr 2017 - 17:24:18 [INFO ] control1.EetakemonManagerImplDB - Updating: User [id=null, name=Carlos Alonso]
23 abr 2017 - 17:24:41 [ERROR] control1.EetakemonManagerImplDB - User not found!
23 abr 2017 - 17:36:53 [INFO ] control1.EetakemonManagerImplDB - Updating: User [id=4, name=Carlos Alonso]
23 abr 2017 - 17:38:47 [INFO ] control1.EetakemonManagerImplDB - Reading user with id: 4
23 abr 2017 - 17:38:48 [ERROR] control1.EetakemonManagerImplDB - User not found!
23 abr 2017 - 17:39:15 [INFO ] control1.EetakemonManagerImplDB - Reading user with id: 4
23 abr 2017 - 17:39:32 [ERROR] control1.EetakemonManagerImplDB - User not found!
23 abr 2017 - 17:43:04 [INFO ] control1.EetakemonManagerImplDB - Reading user with id: 4
23 abr 2017 - 17:44:21 [ERROR] control1.EetakemonManagerImplDB - User not found!
23 abr 2017 - 17:46:17 [INFO ] control1.EetakemonManagerImplDB - Reading user with id: 4
23 abr 2017 - 17:47:20 [INFO ] control1.EetakemonManagerImplDB - User [id=4, name=null]
23 abr 2017 - 17:47:48 [INFO ] control1.EetakemonManagerImplDB - Sorting list of all users
23 abr 2017 - 17:47:50 [INFO ] control1.EetakemonManagerImplDB - Sorted list of all users: [User [id=4, name=Carlos Alonso], User [id=3, name=Maria], User [id=2, name=Paco]]
23 abr 2017 - 17:49:27 [INFO ] control1.EetakemonManagerImplDB - Reading user with id: 4
23 abr 2017 - 18:00:17 [INFO ] control1.EetakemonManagerImplDB - User [id=4, name=null]
23 abr 2017 - 18:01:16 [INFO ] control1.EetakemonManagerImplDB - Reading user with id: 4
23 abr 2017 - 18:01:19 [INFO ] control1.EetakemonManagerImplDB - User [id=4, name=null]
23 abr 2017 - 18:06:33 [INFO ] control1.EetakemonManagerImplDB - Reading user with id: 4
23 abr 2017 - 18:09:26 [INFO ] control1.EetakemonManagerImplDB - User [id=4, name=null]
23 abr 2017 - 18:10:54 [INFO ] control1.EetakemonManagerImplDB - Reading user with id: 4
23 abr 2017 - 18:11:07 [INFO ] control1.EetakemonManagerImplDB - User [id=4, name=null]
23 abr 2017 - 18:14:02 [INFO ] control1.EetakemonManagerImplDB - Sorting list of all users
23 abr 2017 - 18:14:04 [INFO ] control1.EetakemonManagerImplDB - Sorted list of all users: [User [id=4, name=Carlos Alonso], User [id=3, name=Maria], User [id=2, name=Paco]]
23 abr 2017 - 18:14:55 [INFO ] control1.EetakemonManagerImplDB - Updating: User [id=null, name=Paco Alonso]
23 abr 2017 - 18:14:56 [ERROR] control1.EetakemonManagerImplDB - User not found!
23 abr 2017 - 18:16:11 [INFO ] control1.EetakemonManagerImplDB - Sorting list of all users
23 abr 2017 - 18:16:11 [INFO ] control1.EetakemonManagerImplDB - Sorted list of all users: [User [id=4, name=Carlos Alonso], User [id=3, name=Maria], User [id=2, name=Paco]]
23 abr 2017 - 18:17:10 [INFO ] control1.EetakemonManagerImplDB - Updating: User [id=3, name=Paco Alonso]
23 abr 2017 - 18:19:49 [INFO ] control1.EetakemonManagerImplDB - Sorting list of all users
23 abr 2017 - 18:19:51 [INFO ] control1.EetakemonManagerImplDB - Sorted list of all users: [User [id=4, name=Carlos Alonso], User [id=2, name=Paco], User [id=3, name=Paco Alonso]]
23 abr 2017 - 18:20:46 [INFO ] control1.EetakemonManagerImplDB - Reading user with id: 4
23 abr 2017 - 18:21:08 [INFO ] control1.EetakemonManagerImplDB - User [id=4, name=null]
23 abr 2017 - 18:21:38 [INFO ] control1.EetakemonManagerImplDB - Adding: Uobject [name= Coche, description= Descapotable]to: User [id=4, name=Carlos Alonso]
23 abr 2017 - 18:23:15 [ERROR] control1.EetakemonManagerImplDB - User not found!
23 abr 2017 - 18:23:58 [INFO ] control1.EetakemonManagerImplDB - Reading user with id: 4
23 abr 2017 - 18:24:04 [INFO ] control1.EetakemonManagerImplDB - User [id=4, name=null]
23 abr 2017 - 18:24:04 [INFO ] control1.EetakemonManagerImplDB - Adding: Uobject [name= Coche, description= Descapotable]to: User [id=4, name=Carlos Alonso]
23 abr 2017 - 18:24:25 [ERROR] control1.EetakemonManagerImplDB - User not found!
23 abr 2017 - 18:25:05 [INFO ] control1.EetakemonManagerImplDB - Reading user with id: 4
23 abr 2017 - 18:25:21 [INFO ] control1.EetakemonManagerImplDB - User [id=4, name=null]
23 abr 2017 - 18:25:21 [INFO ] control1.EetakemonManagerImplDB - Adding: Uobject [name= Coche, description= Descapotable]to: User [id=4, name=Carlos Alonso]
23 abr 2017 - 18:26:25 [ERROR] control1.EetakemonManagerImplDB - User not found!
23 abr 2017 - 18:26:51 [INFO ] control1.EetakemonManagerImplDB - Reading user with id: 4
23 abr 2017 - 18:26:59 [INFO ] control1.EetakemonManagerImplDB - User [id=4, name=null]
23 abr 2017 - 18:26:59 [INFO ] control1.EetakemonManagerImplDB - Adding: Uobject [name= Coche, description= Descapotable]to: User [id=4, name=Carlos Alonso]
23 abr 2017 - 18:27:02 [INFO ] control1.EetakemonManagerImplDB - Reading user with id: 4
23 abr 2017 - 18:27:10 [INFO ] control1.EetakemonManagerImplDB - User [id=4, name=null]
23 abr 2017 - 18:28:53 [INFO ] control1.EetakemonManagerImplDB - Reading user with id: 4
23 abr 2017 - 18:29:12 [INFO ] control1.EetakemonManagerImplDB - User [id=4, name=null]
23 abr 2017 - 18:29:45 [INFO ] control1.EetakemonManagerImplDB - Reading objects from: User [id=4, name=Carlos Alonso]
23 abr 2017 - 18:31:56 [INFO ] control1.EetakemonManagerImplDB - Reading user with id: 4
23 abr 2017 - 18:32:02 [INFO ] control1.EetakemonManagerImplDB - User [id=4, name=null]
23 abr 2017 - 18:32:02 [INFO ] control1.EetakemonManagerImplDB - Reading objects from: User [id=4, name=Carlos Alonso]
23 abr 2017 - 18:32:44 [INFO ] control1.EetakemonManagerImplDB - [User [id=null, name=Coche]]
23 abr 2017 - 18:36:29 [INFO ] control1.EetakemonManagerImplDB - Reading user with id: 4
23 abr 2017 - 18:36:51 [INFO ] control1.EetakemonManagerImplDB - User [id=4, name=null]
23 abr 2017 - 18:36:51 [INFO ] control1.EetakemonManagerImplDB - Reading objects from: User [id=4, name=Carlos Alonso]
23 abr 2017 - 18:37:40 [INFO ] control1.EetakemonManagerImplDB - [User [id=null, name=Coche]]
23 abr 2017 - 18:37:50 [INFO ] control1.EetakemonManagerImplDB - Reading user with id: 4
23 abr 2017 - 18:37:56 [INFO ] control1.EetakemonManagerImplDB - User [id=4, name=null]
23 abr 2017 - 18:37:56 [INFO ] control1.EetakemonManagerImplDB - Reading objects from: User [id=4, name=Carlos Alonso]
23 abr 2017 - 18:38:00 [INFO ] control1.EetakemonManagerImplDB - [User [id=null, name=Coche]]
23 abr 2017 - 18:38:04 [INFO ] control1.EetakemonManagerImplDB - Reading user with id: 4
23 abr 2017 - 18:38:10 [INFO ] control1.EetakemonManagerImplDB - User [id=4, name=null]
23 abr 2017 - 18:38:31 [INFO ] control1.EetakemonManagerImplDB - Reading objects from: User [id=4, name=Carlos Alonso]
23 abr 2017 - 18:40:28 [INFO ] control1.EetakemonManagerImplDB - [User [id=null, name=Coche]]
23 abr 2017 - 18:41:22 [INFO ] control1.EetakemonManagerImplDB - Reading user with id: 4
23 abr 2017 - 18:41:29 [INFO ] control1.EetakemonManagerImplDB - User [id=4, name=null]
23 abr 2017 - 18:41:29 [INFO ] control1.EetakemonManagerImplDB - Reading objects from: User [id=4, name=Carlos Alonso]
23 abr 2017 - 18:41:49 [INFO ] control1.EetakemonManagerImplDB - [Uobject [name= Coche, description= Descapotable]]
23 abr 2017 - 18:42:25 [INFO ] control1.EetakemonManagerImplDB - Sorting list of all users
23 abr 2017 - 18:42:26 [INFO ] control1.EetakemonManagerImplDB - Sorted list of all users: [User [id=4, name=Carlos Alonso], User [id=2, name=Paco], User [id=3, name=Paco Alonso]]
23 abr 2017 - 18:42:51 [INFO ] control1.EetakemonManagerImplDB - Updating: User [id=3, name=Paquito]
23 abr 2017 - 18:50:31 [INFO ] control1.EetakemonManagerImplDB - Adding new: User [id=null, name=Paco]
23 abr 2017 - 18:50:32 [INFO ] control1.EetakemonManagerImplDB - User [id=5, name=Paco]
23 abr 2017 - 18:50:32 [INFO ] control1.EetakemonManagerImplDB - Adding new: User [id=null, name=Maria]
23 abr 2017 - 18:50:32 [INFO ] control1.EetakemonManagerImplDB - User [id=6, name=Maria]
23 abr 2017 - 18:50:32 [INFO ] control1.EetakemonManagerImplDB - Updating: User [id=1, name=Paco Alonso]
23 abr 2017 - 18:50:32 [INFO ] control1.EetakemonManagerImplDB - Reading user with id: 1
23 abr 2017 - 18:50:32 [ERROR] control1.EetakemonManagerImplDB - User not found!
23 abr 2017 - 18:50:32 [INFO ] control1.EetakemonManagerImplDB - Adding: Uobject [name= Coche, description= Descapotable]to: null
23 abr 2017 - 18:50:32 [ERROR] control1.EetakemonManagerImplDB - User not found!
23 abr 2017 - 18:50:32 [INFO ] control1.EetakemonManagerImplDB - Reading user with id: 1
23 abr 2017 - 18:50:32 [ERROR] control1.EetakemonManagerImplDB - User not found!
23 abr 2017 - 18:50:32 [INFO ] control1.EetakemonManagerImplDB - Reading objects from: null
23 abr 2017 - 18:50:33 [INFO ] control1.EetakemonManagerImplDB - Reading user with id: 1
23 abr 2017 - 18:50:33 [ERROR] control1.EetakemonManagerImplDB - User not found!
23 abr 2017 - 18:50:33 [INFO ] control1.EetakemonManagerImplDB - Sorting list of all users
23 abr 2017 - 18:50:33 [INFO ] control1.EetakemonManagerImplDB - Sorted list of all users: [User [id=6, name=Maria], User [id=5, name=Paco]]
23 abr 2017 - 18:55:49 [INFO ] control1.EetakemonManagerImplDB - Adding new: User [id=null, name=Paco]
23 abr 2017 - 18:55:50 [INFO ] control1.EetakemonManagerImplDB - User [id=1, name=Paco]
23 abr 2017 - 18:55:50 [INFO ] control1.EetakemonManagerImplDB - Adding new: User [id=null, name=Maria]
23 abr 2017 - 18:55:50 [INFO ] control1.EetakemonManagerImplDB - User [id=2, name=Maria]
23 abr 2017 - 18:55:50 [INFO ] control1.EetakemonManagerImplDB - Updating: User [id=1, name=Paco Alonso]
23 abr 2017 - 18:55:50 [INFO ] control1.EetakemonManagerImplDB - Reading user with id: 1
23 abr 2017 - 18:55:50 [INFO ] control1.EetakemonManagerImplDB - User [id=1, name=null]
23 abr 2017 - 18:55:50 [INFO ] control1.EetakemonManagerImplDB - Adding: Uobject [name= Coche, description= Descapotable]to: User [id=1, name=Paco Alonso]
23 abr 2017 - 18:55:50 [INFO ] control1.EetakemonManagerImplDB - Reading user with id: 1
23 abr 2017 - 18:55:50 [INFO ] control1.EetakemonManagerImplDB - User [id=1, name=null]
23 abr 2017 - 18:55:50 [INFO ] control1.EetakemonManagerImplDB - Reading user with id: 1
23 abr 2017 - 18:55:50 [INFO ] control1.EetakemonManagerImplDB - User [id=1, name=null]
23 abr 2017 - 18:55:50 [INFO ] control1.EetakemonManagerImplDB - Reading objects from: User [id=1, name=Paco Alonso]
23 abr 2017 - 18:55:50 [INFO ] control1.EetakemonManagerImplDB - [Uobject [name= Coche, description= Descapotable]]
23 abr 2017 - 18:55:50 [INFO ] control1.EetakemonManagerImplDB - Reading user with id: 1
23 abr 2017 - 18:55:51 [INFO ] control1.EetakemonManagerImplDB - User [id=1, name=null]
23 abr 2017 - 18:55:51 [INFO ] control1.EetakemonManagerImplDB - Sorting list of all users
23 abr 2017 - 18:55:51 [INFO ] control1.EetakemonManagerImplDB - Sorted list of all users: [User [id=2, name=Maria], User [id=1, name=Paco Alonso]]
